<?xml version="1.0" encoding="UTF-8"?>
<!-- Generated by org.testng.reporters.JUnitReportReporter -->
<testsuite skipped="1" hostname="DESKTOP-7NQD4SC" name="week5.day2.Ng_listnerTestCases" tests="2" failures="0" timestamp="22 Jul 2018 05:43:18 GMT" time="8.061" errors="0">
  <testcase name="createContact" time="8.061" classname="week5.day2.Ng_listnerTestCases"/>
  <testcase name="createLead" classname="week5.day2.Ng_listnerTestCases">
    <skipped/>
  </testcase> <!-- createLead -->
</testsuite> <!-- week5.day2.Ng_listnerTestCases -->
