<?xml version="1.0" encoding="UTF-8"?>
<!-- Generated by org.testng.reporters.JUnitReportReporter -->
<testsuite skipped="0" hostname="DESKTOP-7NQD4SC" name="week5.day1.Login" tests="1" failures="0" timestamp="21 Jul 2018 06:44:35 GMT" time="6.246" errors="0">
  <testcase name="login" time="6.246" classname="week5.day1.Login"/>
</testsuite> <!-- week5.day1.Login -->
