<?xml version="1.0" encoding="UTF-8"?>
<!-- Generated by org.testng.reporters.JUnitReportReporter -->
<testsuite skipped="0" hostname="DESKTOP-7NQD4SC" name="testcase.Ng_testcases" tests="2" failures="0" timestamp="21 Jul 2018 07:49:16 GMT" time="14.643" errors="0">
  <testcase name="createContact" time="8.114" classname="testcase.Ng_testcases"/>
  <testcase name="createLead" time="6.529" classname="testcase.Ng_testcases"/>
</testsuite> <!-- testcase.Ng_testcases -->
