<?xml version="1.0" encoding="UTF-8"?>
<!-- Generated by org.testng.reporters.JUnitReportReporter -->
<testsuite skipped="1" hostname="DESKTOP-7NQD4SC" name="testcase.Ng_dataproviders" tests="2" failures="0" timestamp="22 Jul 2018 04:31:26 GMT" time="8.604" errors="0">
  <testcase name="createContact" time="8.604" classname="testcase.Ng_dataproviders"/>
  <testcase name="createLead" classname="testcase.Ng_dataproviders">
    <skipped/>
  </testcase> <!-- createLead -->
</testsuite> <!-- testcase.Ng_dataproviders -->
