<?xml version="1.0" encoding="UTF-8"?>
<!-- Generated by org.testng.reporters.JUnitReportReporter -->
<testsuite skipped="0" hostname="DESKTOP-7NQD4SC" name="grid.Leaftaps" tests="1" failures="0" timestamp="04 Aug 2018 10:25:43 GMT" time="41.588" errors="0">
  <testcase name="login" time="41.588" classname="grid.Leaftaps"/>
</testsuite> <!-- grid.Leaftaps -->
