<?xml version="1.0" encoding="UTF-8"?>
<!-- Generated by org.testng.reporters.JUnitReportReporter -->
<testsuite skipped="0" hostname="DESKTOP-7NQD4SC" name="grid.CrystalCruises" tests="1" failures="0" timestamp="04 Aug 2018 10:19:21 GMT" time="39.204" errors="0">
  <testcase name="crystalCruises" time="39.204" classname="grid.CrystalCruises"/>
</testsuite> <!-- grid.CrystalCruises -->
